  [1m[35m (1.0ms)[0m  [1m[35mCREATE TABLE "schema_migrations" ("version" varchar NOT NULL PRIMARY KEY) /*application='RubyPractiseApp'*/[0m
  [1m[35m (0.1ms)[0m  [1m[35mCREATE TABLE "ar_internal_metadata" ("key" varchar NOT NULL PRIMARY KEY, "value" varchar, "created_at" datetime(6) NOT NULL, "updated_at" datetime(6) NOT NULL) /*application='RubyPractiseApp'*/[0m
  [1m[36mActiveRecord::SchemaMigration Load (0.2ms)[0m  [1m[34mSELECT "schema_migrations"."version" FROM "schema_migrations" ORDER BY "schema_migrations"."version" ASC /*application='RubyPractiseApp'*/[0m
Started GET "/" for ::1 at 2026-02-11 13:24:59 +0500
  [1m[36mActiveRecord::SchemaMigration Load (0.2ms)[0m  [1m[34mSELECT "schema_migrations"."version" FROM "schema_migrations" ORDER BY "schema_migrations"."version" ASC /*application='RubyPractiseApp'*/[0m
Processing by Rails::WelcomeController#index as HTML
  Rendering /home/lenovo/.rbenv/versions/3.3.10/lib/ruby/gems/3.3.0/gems/railties-8.1.2/lib/rails/templates/rails/welcome/index.html.erb
  Rendered /home/lenovo/.rbenv/versions/3.3.10/lib/ruby/gems/3.3.0/gems/railties-8.1.2/lib/rails/templates/rails/welcome/index.html.erb (Duration: 0.6ms | GC: 0.0ms)
Completed 200 OK in 22ms (Views: 5.5ms | ActiveRecord: 0.0ms (0 queries, 0 cached) | GC: 0.0ms)


Started GET "/" for 127.0.0.1 at 2026-02-11 13:25:47 +0500
Processing by Rails::WelcomeController#index as HTML
  Rendering /home/lenovo/.rbenv/versions/3.3.10/lib/ruby/gems/3.3.0/gems/railties-8.1.2/lib/rails/templates/rails/welcome/index.html.erb
  Rendered /home/lenovo/.rbenv/versions/3.3.10/lib/ruby/gems/3.3.0/gems/railties-8.1.2/lib/rails/templates/rails/welcome/index.html.erb (Duration: 0.1ms | GC: 0.0ms)
Completed 200 OK in 1ms (Views: 0.6ms | ActiveRecord: 0.0ms (0 queries, 0 cached) | GC: 0.0ms)


Started GET "/" for 127.0.0.1 at 2026-02-11 13:33:19 +0500
  
AbstractController::ActionNotFound (The action 'hello' could not be found for ApplicationController):
  
actionpack (8.1.2) lib/abstract_controller/base.rb:149:in `process'
actionview (8.1.2) lib/action_view/rendering.rb:40:in `process'
actionpack (8.1.2) lib/action_controller/metal.rb:252:in `dispatch'
actionpack (8.1.2) lib/action_controller/metal.rb:335:in `dispatch'
actionpack (8.1.2) lib/action_dispatch/routing/route_set.rb:65:in `dispatch'
actionpack (8.1.2) lib/action_dispatch/routing/route_set.rb:50:in `serve'
actionpack (8.1.2) lib/action_dispatch/journey/router.rb:35:in `block in serve'
actionpack (8.1.2) lib/action_dispatch/journey/router.rb:86:in `block in recognize'
actionpack (8.1.2) lib/action_dispatch/journey/router.rb:66:in `each'
actionpack (8.1.2) lib/action_dispatch/journey/router.rb:66:in `recognize'
actionpack (8.1.2) lib/action_dispatch/journey/router.rb:31:in `serve'
actionpack (8.1.2) lib/action_dispatch/routing/route_set.rb:906:in `call'
railties (8.1.2) lib/rails/engine/lazy_route_set.rb:60:in `call'
rack (3.2.4) lib/rack/tempfile_reaper.rb:20:in `call'
rack (3.2.4) lib/rack/etag.rb:29:in `call'
rack (3.2.4) lib/rack/conditional_get.rb:31:in `call'
rack (3.2.4) lib/rack/head.rb:15:in `call'
actionpack (8.1.2) lib/action_dispatch/http/content_security_policy.rb:38:in `call'
rack-session (2.1.1) lib/rack/session/abstract/id.rb:274:in `context'
rack-session (2.1.1) lib/rack/session/abstract/id.rb:268:in `call'
actionpack (8.1.2) lib/action_dispatch/middleware/cookies.rb:708:in `call'
activerecord (8.1.2) lib/active_record/migration.rb:671:in `call'
actionpack (8.1.2) lib/action_dispatch/middleware/callbacks.rb:31:in `block in call'
activesupport (8.1.2) lib/active_support/callbacks.rb:101:in `run_callbacks'
actionpack (8.1.2) lib/action_dispatch/middleware/callbacks.rb:30:in `call'
actionpack (8.1.2) lib/action_dispatch/middleware/executor.rb:20:in `call'
actionpack (8.1.2) lib/action_dispatch/middleware/actionable_exceptions.rb:18:in `call'
actionpack (8.1.2) lib/action_dispatch/middleware/debug_exceptions.rb:31:in `call'
web-console (4.2.1) lib/web_console/middleware.rb:132:in `call_app'
web-console (4.2.1) lib/web_console/middleware.rb:28:in `block in call'
web-console (4.2.1) lib/web_console/middleware.rb:17:in `catch'
web-console (4.2.1) lib/web_console/middleware.rb:17:in `call'
actionpack (8.1.2) lib/action_dispatch/middleware/show_exceptions.rb:32:in `call'
railties (8.1.2) lib/rails/rack/logger.rb:41:in `call_app'
railties (8.1.2) lib/rails/rack/logger.rb:29:in `call'
propshaft (1.3.1) lib/propshaft/quiet_assets.rb:11:in `call'
actionpack (8.1.2) lib/action_dispatch/middleware/remote_ip.rb:98:in `call'
actionpack (8.1.2) lib/action_dispatch/middleware/request_id.rb:34:in `call'
rack (3.2.4) lib/rack/method_override.rb:28:in `call'
rack (3.2.4) lib/rack/runtime.rb:24:in `call'
activesupport (8.1.2) lib/active_support/cache/strategy/local_cache_middleware.rb:30:in `call'
actionpack (8.1.2) lib/action_dispatch/middleware/server_timing.rb:61:in `block in call'
actionpack (8.1.2) lib/action_dispatch/middleware/server_timing.rb:26:in `collect_events'
actionpack (8.1.2) lib/action_dispatch/middleware/server_timing.rb:60:in `call'
actionpack (8.1.2) lib/action_dispatch/middleware/executor.rb:20:in `call'
propshaft (1.3.1) lib/propshaft/server.rb:37:in `call'
actionpack (8.1.2) lib/action_dispatch/middleware/static.rb:27:in `call'
rack (3.2.4) lib/rack/sendfile.rb:131:in `call'
actionpack (8.1.2) lib/action_dispatch/middleware/host_authorization.rb:143:in `call'
railties (8.1.2) lib/rails/engine.rb:534:in `call'
puma (7.2.0) lib/puma/configuration.rb:296:in `call'
puma (7.2.0) lib/puma/request.rb:103:in `block in handle_request'
puma (7.2.0) lib/puma/thread_pool.rb:355:in `with_force_shutdown'
puma (7.2.0) lib/puma/request.rb:102:in `handle_request'
puma (7.2.0) lib/puma/server.rb:503:in `process_client'
puma (7.2.0) lib/puma/server.rb:262:in `block in run'
puma (7.2.0) lib/puma/thread_pool.rb:182:in `block in spawn_thread'
Started GET "/favicon.ico" for 127.0.0.1 at 2026-02-11 13:33:20 +0500
  
ActionController::RoutingError (No route matches [GET] "/favicon.ico"):
  
Started GET "/" for 127.0.0.1 at 2026-02-11 13:35:37 +0500
  
AbstractController::ActionNotFound (The action 'hello' could not be found for ApplicationController):
  
actionpack (8.1.2) lib/abstract_controller/base.rb:149:in `process'
actionview (8.1.2) lib/action_view/rendering.rb:40:in `process'
actionpack (8.1.2) lib/action_controller/metal.rb:252:in `dispatch'
actionpack (8.1.2) lib/action_controller/metal.rb:335:in `dispatch'
actionpack (8.1.2) lib/action_dispatch/routing/route_set.rb:65:in `dispatch'
actionpack (8.1.2) lib/action_dispatch/routing/route_set.rb:50:in `serve'
actionpack (8.1.2) lib/action_dispatch/journey/router.rb:35:in `block in serve'
actionpack (8.1.2) lib/action_dispatch/journey/router.rb:86:in `block in recognize'
actionpack (8.1.2) lib/action_dispatch/journey/router.rb:66:in `each'
actionpack (8.1.2) lib/action_dispatch/journey/router.rb:66:in `recognize'
actionpack (8.1.2) lib/action_dispatch/journey/router.rb:31:in `serve'
actionpack (8.1.2) lib/action_dispatch/routing/route_set.rb:906:in `call'
railties (8.1.2) lib/rails/engine/lazy_route_set.rb:60:in `call'
rack (3.2.4) lib/rack/tempfile_reaper.rb:20:in `call'
rack (3.2.4) lib/rack/etag.rb:29:in `call'
rack (3.2.4) lib/rack/conditional_get.rb:31:in `call'
rack (3.2.4) lib/rack/head.rb:15:in `call'
actionpack (8.1.2) lib/action_dispatch/http/content_security_policy.rb:38:in `call'
rack-session (2.1.1) lib/rack/session/abstract/id.rb:274:in `context'
rack-session (2.1.1) lib/rack/session/abstract/id.rb:268:in `call'
actionpack (8.1.2) lib/action_dispatch/middleware/cookies.rb:708:in `call'
activerecord (8.1.2) lib/active_record/migration.rb:671:in `call'
actionpack (8.1.2) lib/action_dispatch/middleware/callbacks.rb:31:in `block in call'
activesupport (8.1.2) lib/active_support/callbacks.rb:101:in `run_callbacks'
actionpack (8.1.2) lib/action_dispatch/middleware/callbacks.rb:30:in `call'
actionpack (8.1.2) lib/action_dispatch/middleware/executor.rb:20:in `call'
actionpack (8.1.2) lib/action_dispatch/middleware/actionable_exceptions.rb:18:in `call'
actionpack (8.1.2) lib/action_dispatch/middleware/debug_exceptions.rb:31:in `call'
web-console (4.2.1) lib/web_console/middleware.rb:132:in `call_app'
web-console (4.2.1) lib/web_console/middleware.rb:28:in `block in call'
web-console (4.2.1) lib/web_console/middleware.rb:17:in `catch'
web-console (4.2.1) lib/web_console/middleware.rb:17:in `call'
actionpack (8.1.2) lib/action_dispatch/middleware/show_exceptions.rb:32:in `call'
railties (8.1.2) lib/rails/rack/logger.rb:41:in `call_app'
railties (8.1.2) lib/rails/rack/logger.rb:29:in `call'
propshaft (1.3.1) lib/propshaft/quiet_assets.rb:11:in `call'
actionpack (8.1.2) lib/action_dispatch/middleware/remote_ip.rb:98:in `call'
actionpack (8.1.2) lib/action_dispatch/middleware/request_id.rb:34:in `call'
rack (3.2.4) lib/rack/method_override.rb:28:in `call'
rack (3.2.4) lib/rack/runtime.rb:24:in `call'
activesupport (8.1.2) lib/active_support/cache/strategy/local_cache_middleware.rb:30:in `call'
actionpack (8.1.2) lib/action_dispatch/middleware/server_timing.rb:61:in `block in call'
actionpack (8.1.2) lib/action_dispatch/middleware/server_timing.rb:26:in `collect_events'
actionpack (8.1.2) lib/action_dispatch/middleware/server_timing.rb:60:in `call'
actionpack (8.1.2) lib/action_dispatch/middleware/executor.rb:20:in `call'
propshaft (1.3.1) lib/propshaft/server.rb:37:in `call'
actionpack (8.1.2) lib/action_dispatch/middleware/static.rb:27:in `call'
rack (3.2.4) lib/rack/sendfile.rb:131:in `call'
actionpack (8.1.2) lib/action_dispatch/middleware/host_authorization.rb:143:in `call'
railties (8.1.2) lib/rails/engine.rb:534:in `call'
puma (7.2.0) lib/puma/configuration.rb:296:in `call'
puma (7.2.0) lib/puma/request.rb:103:in `block in handle_request'
puma (7.2.0) lib/puma/thread_pool.rb:355:in `with_force_shutdown'
puma (7.2.0) lib/puma/request.rb:102:in `handle_request'
puma (7.2.0) lib/puma/server.rb:503:in `process_client'
puma (7.2.0) lib/puma/server.rb:262:in `block in run'
puma (7.2.0) lib/puma/thread_pool.rb:182:in `block in spawn_thread'
Started GET "/" for 127.0.0.1 at 2026-02-11 13:35:39 +0500
  
AbstractController::ActionNotFound (The action 'hello' could not be found for ApplicationController):
  
actionpack (8.1.2) lib/abstract_controller/base.rb:149:in `process'
actionview (8.1.2) lib/action_view/rendering.rb:40:in `process'
actionpack (8.1.2) lib/action_controller/metal.rb:252:in `dispatch'
actionpack (8.1.2) lib/action_controller/metal.rb:335:in `dispatch'
actionpack (8.1.2) lib/action_dispatch/routing/route_set.rb:65:in `dispatch'
actionpack (8.1.2) lib/action_dispatch/routing/route_set.rb:50:in `serve'
actionpack (8.1.2) lib/action_dispatch/journey/router.rb:35:in `block in serve'
actionpack (8.1.2) lib/action_dispatch/journey/router.rb:86:in `block in recognize'
actionpack (8.1.2) lib/action_dispatch/journey/router.rb:66:in `each'
actionpack (8.1.2) lib/action_dispatch/journey/router.rb:66:in `recognize'
actionpack (8.1.2) lib/action_dispatch/journey/router.rb:31:in `serve'
actionpack (8.1.2) lib/action_dispatch/routing/route_set.rb:906:in `call'
railties (8.1.2) lib/rails/engine/lazy_route_set.rb:60:in `call'
rack (3.2.4) lib/rack/tempfile_reaper.rb:20:in `call'
rack (3.2.4) lib/rack/etag.rb:29:in `call'
rack (3.2.4) lib/rack/conditional_get.rb:31:in `call'
rack (3.2.4) lib/rack/head.rb:15:in `call'
actionpack (8.1.2) lib/action_dispatch/http/content_security_policy.rb:38:in `call'
rack-session (2.1.1) lib/rack/session/abstract/id.rb:274:in `context'
rack-session (2.1.1) lib/rack/session/abstract/id.rb:268:in `call'
actionpack (8.1.2) lib/action_dispatch/middleware/cookies.rb:708:in `call'
activerecord (8.1.2) lib/active_record/migration.rb:671:in `call'
actionpack (8.1.2) lib/action_dispatch/middleware/callbacks.rb:31:in `block in call'
activesupport (8.1.2) lib/active_support/callbacks.rb:101:in `run_callbacks'
actionpack (8.1.2) lib/action_dispatch/middleware/callbacks.rb:30:in `call'
actionpack (8.1.2) lib/action_dispatch/middleware/executor.rb:20:in `call'
actionpack (8.1.2) lib/action_dispatch/middleware/actionable_exceptions.rb:18:in `call'
actionpack (8.1.2) lib/action_dispatch/middleware/debug_exceptions.rb:31:in `call'
web-console (4.2.1) lib/web_console/middleware.rb:132:in `call_app'
web-console (4.2.1) lib/web_console/middleware.rb:28:in `block in call'
web-console (4.2.1) lib/web_console/middleware.rb:17:in `catch'
web-console (4.2.1) lib/web_console/middleware.rb:17:in `call'
actionpack (8.1.2) lib/action_dispatch/middleware/show_exceptions.rb:32:in `call'
railties (8.1.2) lib/rails/rack/logger.rb:41:in `call_app'
railties (8.1.2) lib/rails/rack/logger.rb:29:in `call'
propshaft (1.3.1) lib/propshaft/quiet_assets.rb:11:in `call'
actionpack (8.1.2) lib/action_dispatch/middleware/remote_ip.rb:98:in `call'
actionpack (8.1.2) lib/action_dispatch/middleware/request_id.rb:34:in `call'
rack (3.2.4) lib/rack/method_override.rb:28:in `call'
rack (3.2.4) lib/rack/runtime.rb:24:in `call'
activesupport (8.1.2) lib/active_support/cache/strategy/local_cache_middleware.rb:30:in `call'
actionpack (8.1.2) lib/action_dispatch/middleware/server_timing.rb:61:in `block in call'
actionpack (8.1.2) lib/action_dispatch/middleware/server_timing.rb:26:in `collect_events'
actionpack (8.1.2) lib/action_dispatch/middleware/server_timing.rb:60:in `call'
actionpack (8.1.2) lib/action_dispatch/middleware/executor.rb:20:in `call'
propshaft (1.3.1) lib/propshaft/server.rb:37:in `call'
actionpack (8.1.2) lib/action_dispatch/middleware/static.rb:27:in `call'
rack (3.2.4) lib/rack/sendfile.rb:131:in `call'
actionpack (8.1.2) lib/action_dispatch/middleware/host_authorization.rb:143:in `call'
railties (8.1.2) lib/rails/engine.rb:534:in `call'
puma (7.2.0) lib/puma/configuration.rb:296:in `call'
puma (7.2.0) lib/puma/request.rb:103:in `block in handle_request'
puma (7.2.0) lib/puma/thread_pool.rb:355:in `with_force_shutdown'
puma (7.2.0) lib/puma/request.rb:102:in `handle_request'
puma (7.2.0) lib/puma/server.rb:503:in `process_client'
puma (7.2.0) lib/puma/server.rb:262:in `block in run'
puma (7.2.0) lib/puma/thread_pool.rb:182:in `block in spawn_thread'
Started GET "/" for 127.0.0.1 at 2026-02-11 13:35:39 +0500
  
AbstractController::ActionNotFound (The action 'hello' could not be found for ApplicationController):
  
actionpack (8.1.2) lib/abstract_controller/base.rb:149:in `process'
actionview (8.1.2) lib/action_view/rendering.rb:40:in `process'
actionpack (8.1.2) lib/action_controller/metal.rb:252:in `dispatch'
actionpack (8.1.2) lib/action_controller/metal.rb:335:in `dispatch'
actionpack (8.1.2) lib/action_dispatch/routing/route_set.rb:65:in `dispatch'
actionpack (8.1.2) lib/action_dispatch/routing/route_set.rb:50:in `serve'
actionpack (8.1.2) lib/action_dispatch/journey/router.rb:35:in `block in serve'
actionpack (8.1.2) lib/action_dispatch/journey/router.rb:86:in `block in recognize'
actionpack (8.1.2) lib/action_dispatch/journey/router.rb:66:in `each'
actionpack (8.1.2) lib/action_dispatch/journey/router.rb:66:in `recognize'
actionpack (8.1.2) lib/action_dispatch/journey/router.rb:31:in `serve'
actionpack (8.1.2) lib/action_dispatch/routing/route_set.rb:906:in `call'
railties (8.1.2) lib/rails/engine/lazy_route_set.rb:60:in `call'
rack (3.2.4) lib/rack/tempfile_reaper.rb:20:in `call'
rack (3.2.4) lib/rack/etag.rb:29:in `call'
rack (3.2.4) lib/rack/conditional_get.rb:31:in `call'
rack (3.2.4) lib/rack/head.rb:15:in `call'
actionpack (8.1.2) lib/action_dispatch/http/content_security_policy.rb:38:in `call'
rack-session (2.1.1) lib/rack/session/abstract/id.rb:274:in `context'
rack-session (2.1.1) lib/rack/session/abstract/id.rb:268:in `call'
actionpack (8.1.2) lib/action_dispatch/middleware/cookies.rb:708:in `call'
activerecord (8.1.2) lib/active_record/migration.rb:671:in `call'
actionpack (8.1.2) lib/action_dispatch/middleware/callbacks.rb:31:in `block in call'
activesupport (8.1.2) lib/active_support/callbacks.rb:101:in `run_callbacks'
actionpack (8.1.2) lib/action_dispatch/middleware/callbacks.rb:30:in `call'
actionpack (8.1.2) lib/action_dispatch/middleware/executor.rb:20:in `call'
actionpack (8.1.2) lib/action_dispatch/middleware/actionable_exceptions.rb:18:in `call'
actionpack (8.1.2) lib/action_dispatch/middleware/debug_exceptions.rb:31:in `call'
web-console (4.2.1) lib/web_console/middleware.rb:132:in `call_app'
web-console (4.2.1) lib/web_console/middleware.rb:28:in `block in call'
web-console (4.2.1) lib/web_console/middleware.rb:17:in `catch'
web-console (4.2.1) lib/web_console/middleware.rb:17:in `call'
actionpack (8.1.2) lib/action_dispatch/middleware/show_exceptions.rb:32:in `call'
railties (8.1.2) lib/rails/rack/logger.rb:41:in `call_app'
railties (8.1.2) lib/rails/rack/logger.rb:29:in `call'
propshaft (1.3.1) lib/propshaft/quiet_assets.rb:11:in `call'
actionpack (8.1.2) lib/action_dispatch/middleware/remote_ip.rb:98:in `call'
actionpack (8.1.2) lib/action_dispatch/middleware/request_id.rb:34:in `call'
rack (3.2.4) lib/rack/method_override.rb:28:in `call'
rack (3.2.4) lib/rack/runtime.rb:24:in `call'
activesupport (8.1.2) lib/active_support/cache/strategy/local_cache_middleware.rb:30:in `call'
actionpack (8.1.2) lib/action_dispatch/middleware/server_timing.rb:61:in `block in call'
actionpack (8.1.2) lib/action_dispatch/middleware/server_timing.rb:26:in `collect_events'
actionpack (8.1.2) lib/action_dispatch/middleware/server_timing.rb:60:in `call'
actionpack (8.1.2) lib/action_dispatch/middleware/executor.rb:20:in `call'
propshaft (1.3.1) lib/propshaft/server.rb:37:in `call'
actionpack (8.1.2) lib/action_dispatch/middleware/static.rb:27:in `call'
rack (3.2.4) lib/rack/sendfile.rb:131:in `call'
actionpack (8.1.2) lib/action_dispatch/middleware/host_authorization.rb:143:in `call'
railties (8.1.2) lib/rails/engine.rb:534:in `call'
puma (7.2.0) lib/puma/configuration.rb:296:in `call'
puma (7.2.0) lib/puma/request.rb:103:in `block in handle_request'
puma (7.2.0) lib/puma/thread_pool.rb:355:in `with_force_shutdown'
puma (7.2.0) lib/puma/request.rb:102:in `handle_request'
puma (7.2.0) lib/puma/server.rb:503:in `process_client'
puma (7.2.0) lib/puma/server.rb:262:in `block in run'
puma (7.2.0) lib/puma/thread_pool.rb:182:in `block in spawn_thread'
Started GET "/" for 127.0.0.1 at 2026-02-11 13:35:39 +0500
  
AbstractController::ActionNotFound (The action 'hello' could not be found for ApplicationController):
  
actionpack (8.1.2) lib/abstract_controller/base.rb:149:in `process'
actionview (8.1.2) lib/action_view/rendering.rb:40:in `process'
actionpack (8.1.2) lib/action_controller/metal.rb:252:in `dispatch'
actionpack (8.1.2) lib/action_controller/metal.rb:335:in `dispatch'
actionpack (8.1.2) lib/action_dispatch/routing/route_set.rb:65:in `dispatch'
actionpack (8.1.2) lib/action_dispatch/routing/route_set.rb:50:in `serve'
actionpack (8.1.2) lib/action_dispatch/journey/router.rb:35:in `block in serve'
actionpack (8.1.2) lib/action_dispatch/journey/router.rb:86:in `block in recognize'
actionpack (8.1.2) lib/action_dispatch/journey/router.rb:66:in `each'
actionpack (8.1.2) lib/action_dispatch/journey/router.rb:66:in `recognize'
actionpack (8.1.2) lib/action_dispatch/journey/router.rb:31:in `serve'
actionpack (8.1.2) lib/action_dispatch/routing/route_set.rb:906:in `call'
railties (8.1.2) lib/rails/engine/lazy_route_set.rb:60:in `call'
rack (3.2.4) lib/rack/tempfile_reaper.rb:20:in `call'
rack (3.2.4) lib/rack/etag.rb:29:in `call'
rack (3.2.4) lib/rack/conditional_get.rb:31:in `call'
rack (3.2.4) lib/rack/head.rb:15:in `call'
actionpack (8.1.2) lib/action_dispatch/http/content_security_policy.rb:38:in `call'
rack-session (2.1.1) lib/rack/session/abstract/id.rb:274:in `context'
rack-session (2.1.1) lib/rack/session/abstract/id.rb:268:in `call'
actionpack (8.1.2) lib/action_dispatch/middleware/cookies.rb:708:in `call'
activerecord (8.1.2) lib/active_record/migration.rb:671:in `call'
actionpack (8.1.2) lib/action_dispatch/middleware/callbacks.rb:31:in `block in call'
activesupport (8.1.2) lib/active_support/callbacks.rb:101:in `run_callbacks'
actionpack (8.1.2) lib/action_dispatch/middleware/callbacks.rb:30:in `call'
actionpack (8.1.2) lib/action_dispatch/middleware/executor.rb:20:in `call'
actionpack (8.1.2) lib/action_dispatch/middleware/actionable_exceptions.rb:18:in `call'
actionpack (8.1.2) lib/action_dispatch/middleware/debug_exceptions.rb:31:in `call'
web-console (4.2.1) lib/web_console/middleware.rb:132:in `call_app'
web-console (4.2.1) lib/web_console/middleware.rb:28:in `block in call'
web-console (4.2.1) lib/web_console/middleware.rb:17:in `catch'
web-console (4.2.1) lib/web_console/middleware.rb:17:in `call'
actionpack (8.1.2) lib/action_dispatch/middleware/show_exceptions.rb:32:in `call'
railties (8.1.2) lib/rails/rack/logger.rb:41:in `call_app'
railties (8.1.2) lib/rails/rack/logger.rb:29:in `call'
propshaft (1.3.1) lib/propshaft/quiet_assets.rb:11:in `call'
actionpack (8.1.2) lib/action_dispatch/middleware/remote_ip.rb:98:in `call'
actionpack (8.1.2) lib/action_dispatch/middleware/request_id.rb:34:in `call'
rack (3.2.4) lib/rack/method_override.rb:28:in `call'
rack (3.2.4) lib/rack/runtime.rb:24:in `call'
activesupport (8.1.2) lib/active_support/cache/strategy/local_cache_middleware.rb:30:in `call'
actionpack (8.1.2) lib/action_dispatch/middleware/server_timing.rb:61:in `block in call'
actionpack (8.1.2) lib/action_dispatch/middleware/server_timing.rb:26:in `collect_events'
actionpack (8.1.2) lib/action_dispatch/middleware/server_timing.rb:60:in `call'
actionpack (8.1.2) lib/action_dispatch/middleware/executor.rb:20:in `call'
propshaft (1.3.1) lib/propshaft/server.rb:37:in `call'
actionpack (8.1.2) lib/action_dispatch/middleware/static.rb:27:in `call'
rack (3.2.4) lib/rack/sendfile.rb:131:in `call'
actionpack (8.1.2) lib/action_dispatch/middleware/host_authorization.rb:143:in `call'
railties (8.1.2) lib/rails/engine.rb:534:in `call'
puma (7.2.0) lib/puma/configuration.rb:296:in `call'
puma (7.2.0) lib/puma/request.rb:103:in `block in handle_request'
puma (7.2.0) lib/puma/thread_pool.rb:355:in `with_force_shutdown'
puma (7.2.0) lib/puma/request.rb:102:in `handle_request'
puma (7.2.0) lib/puma/server.rb:503:in `process_client'
puma (7.2.0) lib/puma/server.rb:262:in `block in run'
puma (7.2.0) lib/puma/thread_pool.rb:182:in `block in spawn_thread'
Started GET "/" for 127.0.0.1 at 2026-02-11 13:37:17 +0500
Processing by WelcomeController#hello as HTML
  Rendering layout layouts/application.html.erb
  Rendering welcome/hello.html.erb within layouts/application
  Rendered welcome/hello.html.erb within layouts/application (Duration: 0.2ms | GC: 0.0ms)
  Rendered layout layouts/application.html.erb (Duration: 8.7ms | GC: 0.8ms)
Completed 200 OK in 23ms (Views: 9.7ms | ActiveRecord: 0.0ms (0 queries, 0 cached) | GC: 1.3ms)


Started GET "/" for 127.0.0.1 at 2026-02-11 13:40:03 +0500
Processing by WelcomeController#hello as HTML
  Rendering layout layouts/application.html.erb
  Rendering welcome/hello.html.erb within layouts/application
  Rendered welcome/hello.html.erb within layouts/application (Duration: 0.2ms | GC: 0.0ms)
  Rendered layout layouts/application.html.erb (Duration: 23.1ms | GC: 1.6ms)
Completed 200 OK in 25ms (Views: 24.1ms | ActiveRecord: 0.0ms (0 queries, 0 cached) | GC: 1.6ms)


Started GET "/" for 127.0.0.1 at 2026-02-11 13:40:04 +0500
Processing by WelcomeController#hello as HTML
  Rendering layout layouts/application.html.erb
  Rendering welcome/hello.html.erb within layouts/application
  Rendered welcome/hello.html.erb within layouts/application (Duration: 0.0ms | GC: 0.0ms)
  Rendered layout layouts/application.html.erb (Duration: 1.6ms | GC: 0.0ms)
Completed 200 OK in 3ms (Views: 2.3ms | ActiveRecord: 0.0ms (0 queries, 0 cached) | GC: 0.0ms)


Started GET "/" for 127.0.0.1 at 2026-02-11 13:40:04 +0500
Processing by WelcomeController#hello as HTML
  Rendering layout layouts/application.html.erb
  Rendering welcome/hello.html.erb within layouts/application
  Rendered welcome/hello.html.erb within layouts/application (Duration: 0.0ms | GC: 0.0ms)
  Rendered layout layouts/application.html.erb (Duration: 0.8ms | GC: 0.0ms)
Completed 200 OK in 2ms (Views: 1.1ms | ActiveRecord: 0.0ms (0 queries, 0 cached) | GC: 0.0ms)


Started GET "/" for 127.0.0.1 at 2026-02-11 13:40:04 +0500
Processing by WelcomeController#hello as HTML
  Rendering layout layouts/application.html.erb
  Rendering welcome/hello.html.erb within layouts/application
  Rendered welcome/hello.html.erb within layouts/application (Duration: 0.0ms | GC: 0.0ms)
  Rendered layout layouts/application.html.erb (Duration: 0.7ms | GC: 0.0ms)
Completed 200 OK in 1ms (Views: 1.0ms | ActiveRecord: 0.0ms (0 queries, 0 cached) | GC: 0.0ms)


Started GET "/" for 127.0.0.1 at 2026-02-11 13:40:05 +0500
Processing by WelcomeController#hello as HTML
  Rendering layout layouts/application.html.erb
  Rendering welcome/hello.html.erb within layouts/application
  Rendered welcome/hello.html.erb within layouts/application (Duration: 0.0ms | GC: 0.0ms)
  Rendered layout layouts/application.html.erb (Duration: 1.1ms | GC: 0.0ms)
Completed 200 OK in 2ms (Views: 1.6ms | ActiveRecord: 0.0ms (0 queries, 0 cached) | GC: 0.0ms)


Started GET "/" for 127.0.0.1 at 2026-02-11 13:40:05 +0500
Processing by WelcomeController#hello as HTML
  Rendering layout layouts/application.html.erb
  Rendering welcome/hello.html.erb within layouts/application
  Rendered welcome/hello.html.erb within layouts/application (Duration: 0.0ms | GC: 0.0ms)
  Rendered layout layouts/application.html.erb (Duration: 0.7ms | GC: 0.0ms)
Completed 200 OK in 1ms (Views: 1.0ms | ActiveRecord: 0.0ms (0 queries, 0 cached) | GC: 0.0ms)


Started GET "/" for 127.0.0.1 at 2026-02-11 13:49:29 +0500
Processing by PagesController#home as HTML
  Rendering layout layouts/application.html.erb
  Rendering pages/home.html.erb within layouts/application
  Rendered pages/home.html.erb within layouts/application (Duration: 0.2ms | GC: 0.0ms)
  Rendered layout layouts/application.html.erb (Duration: 2.6ms | GC: 0.4ms)
Completed 200 OK in 4ms (Views: 3.5ms | ActiveRecord: 0.0ms (0 queries, 0 cached) | GC: 0.4ms)


Started GET "/" for 127.0.0.1 at 2026-02-11 13:49:30 +0500
Processing by PagesController#home as HTML
  Rendering layout layouts/application.html.erb
  Rendering pages/home.html.erb within layouts/application
  Rendered pages/home.html.erb within layouts/application (Duration: 0.0ms | GC: 0.0ms)
  Rendered layout layouts/application.html.erb (Duration: 1.4ms | GC: 0.0ms)
Completed 200 OK in 3ms (Views: 2.0ms | ActiveRecord: 0.0ms (0 queries, 0 cached) | GC: 0.4ms)


Started GET "/" for 127.0.0.1 at 2026-02-11 13:50:57 +0500
Processing by PagesController#home as HTML
  Rendering layout layouts/application.html.erb
  Rendering pages/home.html.erb within layouts/application
  Rendered pages/home.html.erb within layouts/application (Duration: 0.0ms | GC: 0.0ms)
  Rendered layout layouts/application.html.erb (Duration: 1.3ms | GC: 0.0ms)
Completed 200 OK in 3ms (Views: 1.9ms | ActiveRecord: 0.0ms (0 queries, 0 cached) | GC: 0.0ms)


Started GET "/" for 127.0.0.1 at 2026-02-11 14:34:28 +0500
Processing by PagesController#home as HTML
  Rendering layout layouts/application.html.erb
  Rendering pages/home.html.erb within layouts/application
  Rendered pages/home.html.erb within layouts/application (Duration: 0.1ms | GC: 0.0ms)
  Rendered layout layouts/application.html.erb (Duration: 2.8ms | GC: 0.0ms)
Completed 200 OK in 6ms (Views: 4.0ms | ActiveRecord: 0.0ms (0 queries, 0 cached) | GC: 0.0ms)


Started GET "/" for 127.0.0.1 at 2026-02-11 14:43:42 +0500
Processing by PagesController#home as HTML
  Rendering layout layouts/application.html.erb
  Rendering pages/home.html.erb within layouts/application
  Rendered pages/home.html.erb within layouts/application (Duration: 0.2ms | GC: 0.0ms)
  Rendered layout layouts/application.html.erb (Duration: 2.2ms | GC: 0.0ms)
Completed 200 OK in 4ms (Views: 3.1ms | ActiveRecord: 0.0ms (0 queries, 0 cached) | GC: 0.0ms)


Started GET "/about" for 127.0.0.1 at 2026-02-11 14:43:47 +0500
Processing by PagesController#about as HTML
  Rendering layout layouts/application.html.erb
  Rendering pages/about.html.erb within layouts/application
  Rendered pages/about.html.erb within layouts/application (Duration: 0.4ms | GC: 0.0ms)
  Rendered layout layouts/application.html.erb (Duration: 1.8ms | GC: 0.0ms)
Completed 200 OK in 4ms (Views: 2.4ms | ActiveRecord: 0.0ms (0 queries, 0 cached) | GC: 0.0ms)


